<?xml version="1.0" encoding="UTF-8"?>
<testsuite name="fundamental_concept.original.ResizingArrayStackTest" tests="5" skipped="0" failures="0" errors="0" timestamp="2025-06-28T06:20:57" hostname="userui-MacBookPro.local" time="0.017">
  <properties/>
  <testcase name="성공적으로 생성되는지 확인" classname="fundamental_concept.original.ResizingArrayStackTest" time="0.001"/>
  <testcase name="아이템 푸쉬 및 팝이 성공적으로 처리되는지 확인" classname="fundamental_concept.original.ResizingArrayStackTest" time="0.001"/>
  <testcase name="아이템 요소가 다 찼을 때 내부적으로 리사이징이 일어나는지 확인" classname="fundamental_concept.original.ResizingArrayStackTest" time="0.002"/>
  <testcase name="아이템 요소가 기존 배열의 크기 1/4일 경우 리사이징이 일어나는지 확인" classname="fundamental_concept.original.ResizingArrayStackTest" time="0.001"/>
  <testcase name="이터레이터 반환하는지 확인하고 해당 기능 정상적으로 수행하는지 확인" classname="fundamental_concept.original.ResizingArrayStackTest" time="0.008"/>
  <system-out><![CDATA[]]></system-out>
  <system-err><![CDATA[]]></system-err>
</testsuite>
